Compiling the C compiler identification source file "CMakeCCompilerId.c" failed.
Compiler: /usr/bin/gcc-7 
Build flags: 
Id flags:  

The output was:
No such file or directory


Compiling the C compiler identification source file "CMakeCCompilerId.c" failed.
Compiler: /usr/bin/gcc-7 
Build flags: 
Id flags: -c 

The output was:
No such file or directory


Compiling the C compiler identification source file "CMakeCCompilerId.c" failed.
Compiler: /usr/bin/gcc-7 
Build flags: 
Id flags: -Aa 

The output was:
No such file or directory


Compiling the C compiler identification source file "CMakeCCompilerId.c" failed.
Compiler: /usr/bin/gcc-7 
Build flags: 
Id flags: -D__CLASSIC_C__ 

The output was:
No such file or directory


Compiling the C compiler identification source file "CMakeCCompilerId.c" failed.
Compiler: /usr/bin/gcc-7 
Build flags: 
Id flags:  

The output was:
No such file or directory


Compiling the C compiler identification source file "CMakeCCompilerId.c" failed.
Compiler: /usr/bin/gcc-7 
Build flags: 
Id flags: -c 

The output was:
No such file or directory


Compiling the C compiler identification source file "CMakeCCompilerId.c" failed.
Compiler: /usr/bin/gcc-7 
Build flags: 
Id flags: -Aa 

The output was:
No such file or directory


Compiling the C compiler identification source file "CMakeCCompilerId.c" failed.
Compiler: /usr/bin/gcc-7 
Build flags: 
Id flags: -D__CLASSIC_C__ 

The output was:
No such file or directory


Checking whether the C compiler is IAR using "" did not match "IAR .+ Compiler":
Checking whether the C compiler is IAR using "" did not match "IAR .+ Compiler":
Compiling the CXX compiler identification source file "CMakeCXXCompilerId.cpp" failed.
Compiler: /usr/bin/g++-7 
Build flags: 
Id flags:  

The output was:
No such file or directory


Compiling the CXX compiler identification source file "CMakeCXXCompilerId.cpp" failed.
Compiler: /usr/bin/g++-7 
Build flags: 
Id flags: -c 

The output was:
No such file or directory


Compiling the CXX compiler identification source file "CMakeCXXCompilerId.cpp" failed.
Compiler: /usr/bin/g++-7 
Build flags: 
Id flags: --c++ 

The output was:
No such file or directory


Compiling the CXX compiler identification source file "CMakeCXXCompilerId.cpp" failed.
Compiler: /usr/bin/g++-7 
Build flags: 
Id flags: --ec++ 

The output was:
No such file or directory


Compiling the CXX compiler identification source file "CMakeCXXCompilerId.cpp" failed.
Compiler: /usr/bin/g++-7 
Build flags: 
Id flags:  

The output was:
No such file or directory


Compiling the CXX compiler identification source file "CMakeCXXCompilerId.cpp" failed.
Compiler: /usr/bin/g++-7 
Build flags: 
Id flags: -c 

The output was:
No such file or directory


Compiling the CXX compiler identification source file "CMakeCXXCompilerId.cpp" failed.
Compiler: /usr/bin/g++-7 
Build flags: 
Id flags: --c++ 

The output was:
No such file or directory


Compiling the CXX compiler identification source file "CMakeCXXCompilerId.cpp" failed.
Compiler: /usr/bin/g++-7 
Build flags: 
Id flags: --ec++ 

The output was:
No such file or directory


Checking whether the CXX compiler is IAR using "" did not match "IAR .+ Compiler":
Checking whether the CXX compiler is IAR using "" did not match "IAR .+ Compiler":
Performing C++ SOURCE FILE Test CXX17_BUILTIN failed with the following output:
Change Dir: /home/ian/Documents/Fremont/Bioinformatics/Scripts/CPP/seqan3_cmake_error/build/CMakeFiles/CMakeTmp

Run Build Command:"/usr/bin/make" "cmTC_03f66/fast"
/usr/bin/make -f CMakeFiles/cmTC_03f66.dir/build.make CMakeFiles/cmTC_03f66.dir/build
make[1]: Entering directory '/home/ian/Documents/Fremont/Bioinformatics/Scripts/CPP/seqan3_cmake_error/build/CMakeFiles/CMakeTmp'
Building CXX object CMakeFiles/cmTC_03f66.dir/src.cxx.o
/usr/bin/g++-7   -I/home/ian/Documents/Fremont/Bioinformatics/Scripts/CPP/seqan3_cmake_error/deps/seqan3/include -I/home/ian/Documents/Fremont/Bioinformatics/Scripts/CPP/seqan3_cmake_error/deps/seqan3/submodules/sdsl-lite/include -I/home/ian/Documents/Fremont/Bioinformatics/Scripts/CPP/seqan3_cmake_error/deps/seqan3/submodules/range-v3/include -I/home/ian/Documents/Fremont/Bioinformatics/Scripts/CPP/seqan3_cmake_error/deps/seqan3/submodules/cereal/include  -DCXX17_BUILTIN   -o CMakeFiles/cmTC_03f66.dir/src.cxx.o -c /home/ian/Documents/Fremont/Bioinformatics/Scripts/CPP/seqan3_cmake_error/build/CMakeFiles/CMakeTmp/src.cxx
/home/ian/Documents/Fremont/Bioinformatics/Scripts/CPP/seqan3_cmake_error/build/CMakeFiles/CMakeTmp/src.cxx:2:6: error: #error NOCXX17
     #error NOCXX17
      ^~~~~
CMakeFiles/cmTC_03f66.dir/build.make:65: recipe for target 'CMakeFiles/cmTC_03f66.dir/src.cxx.o' failed
make[1]: *** [CMakeFiles/cmTC_03f66.dir/src.cxx.o] Error 1
make[1]: Leaving directory '/home/ian/Documents/Fremont/Bioinformatics/Scripts/CPP/seqan3_cmake_error/build/CMakeFiles/CMakeTmp'
Makefile:126: recipe for target 'cmTC_03f66/fast' failed
make: *** [cmTC_03f66/fast] Error 2

Source file was:
#if !defined (__cplusplus) || (__cplusplus < 201703L)
    #error NOCXX17
    #endif
    int main() {}
Performing C++ SOURCE FILE Test CONCEPTS_BUILTIN failed with the following output:
Change Dir: /home/ian/Documents/Fremont/Bioinformatics/Scripts/CPP/seqan3_cmake_error/build/CMakeFiles/CMakeTmp

Run Build Command:"/usr/bin/make" "cmTC_0a6c1/fast"
/usr/bin/make -f CMakeFiles/cmTC_0a6c1.dir/build.make CMakeFiles/cmTC_0a6c1.dir/build
make[1]: Entering directory '/home/ian/Documents/Fremont/Bioinformatics/Scripts/CPP/seqan3_cmake_error/build/CMakeFiles/CMakeTmp'
Building CXX object CMakeFiles/cmTC_0a6c1.dir/src.cxx.o
/usr/bin/g++-7   -I/home/ian/Documents/Fremont/Bioinformatics/Scripts/CPP/seqan3_cmake_error/deps/seqan3/include -I/home/ian/Documents/Fremont/Bioinformatics/Scripts/CPP/seqan3_cmake_error/deps/seqan3/submodules/sdsl-lite/include -I/home/ian/Documents/Fremont/Bioinformatics/Scripts/CPP/seqan3_cmake_error/deps/seqan3/submodules/range-v3/include -I/home/ian/Documents/Fremont/Bioinformatics/Scripts/CPP/seqan3_cmake_error/deps/seqan3/submodules/cereal/include  -DCONCEPTS_BUILTIN  -std=c++17   -o CMakeFiles/cmTC_0a6c1.dir/src.cxx.o -c /home/ian/Documents/Fremont/Bioinformatics/Scripts/CPP/seqan3_cmake_error/build/CMakeFiles/CMakeTmp/src.cxx
/home/ian/Documents/Fremont/Bioinformatics/Scripts/CPP/seqan3_cmake_error/build/CMakeFiles/CMakeTmp/src.cxx:1:16: error: ‘__cpp_concepts’ was not declared in this scope
 static_assert (__cpp_concepts >= 201507);
                ^~~~~~~~~~~~~~
/home/ian/Documents/Fremont/Bioinformatics/Scripts/CPP/seqan3_cmake_error/build/CMakeFiles/CMakeTmp/src.cxx:1:16: note: suggested alternative: ‘__cpp_constexpr’
 static_assert (__cpp_concepts >= 201507);
                ^~~~~~~~~~~~~~
                __cpp_constexpr
CMakeFiles/cmTC_0a6c1.dir/build.make:65: recipe for target 'CMakeFiles/cmTC_0a6c1.dir/src.cxx.o' failed
make[1]: *** [CMakeFiles/cmTC_0a6c1.dir/src.cxx.o] Error 1
make[1]: Leaving directory '/home/ian/Documents/Fremont/Bioinformatics/Scripts/CPP/seqan3_cmake_error/build/CMakeFiles/CMakeTmp'
Makefile:126: recipe for target 'cmTC_0a6c1/fast' failed
make: *** [cmTC_0a6c1/fast] Error 2

Source file was:
static_assert (__cpp_concepts >= 201507);
    int main() {}
Performing C++ SOURCE FILE Test CONCEPTS_FLAG-std=c++20 failed with the following output:
Change Dir: /home/ian/Documents/Fremont/Bioinformatics/Scripts/CPP/seqan3_cmake_error/build/CMakeFiles/CMakeTmp

Run Build Command:"/usr/bin/make" "cmTC_72204/fast"
/usr/bin/make -f CMakeFiles/cmTC_72204.dir/build.make CMakeFiles/cmTC_72204.dir/build
make[1]: Entering directory '/home/ian/Documents/Fremont/Bioinformatics/Scripts/CPP/seqan3_cmake_error/build/CMakeFiles/CMakeTmp'
Building CXX object CMakeFiles/cmTC_72204.dir/src.cxx.o
/usr/bin/g++-7   -I/home/ian/Documents/Fremont/Bioinformatics/Scripts/CPP/seqan3_cmake_error/deps/seqan3/include -I/home/ian/Documents/Fremont/Bioinformatics/Scripts/CPP/seqan3_cmake_error/deps/seqan3/submodules/sdsl-lite/include -I/home/ian/Documents/Fremont/Bioinformatics/Scripts/CPP/seqan3_cmake_error/deps/seqan3/submodules/range-v3/include -I/home/ian/Documents/Fremont/Bioinformatics/Scripts/CPP/seqan3_cmake_error/deps/seqan3/submodules/cereal/include  -DCONCEPTS_FLAG-std=c++20  -std=c++17 -std=c++20   -o CMakeFiles/cmTC_72204.dir/src.cxx.o -c /home/ian/Documents/Fremont/Bioinformatics/Scripts/CPP/seqan3_cmake_error/build/CMakeFiles/CMakeTmp/src.cxx
g++-7: error: unrecognized command line option ‘-std=c++20’; did you mean ‘-std=c++03’?
CMakeFiles/cmTC_72204.dir/build.make:65: recipe for target 'CMakeFiles/cmTC_72204.dir/src.cxx.o' failed
make[1]: *** [CMakeFiles/cmTC_72204.dir/src.cxx.o] Error 1
make[1]: Leaving directory '/home/ian/Documents/Fremont/Bioinformatics/Scripts/CPP/seqan3_cmake_error/build/CMakeFiles/CMakeTmp'
Makefile:126: recipe for target 'cmTC_72204/fast' failed
make: *** [cmTC_72204/fast] Error 2

Source file was:
static_assert (__cpp_concepts >= 201507);
    int main() {}
Performing C++ SOURCE FILE Test CONCEPTS_FLAG-std=c++2a failed with the following output:
Change Dir: /home/ian/Documents/Fremont/Bioinformatics/Scripts/CPP/seqan3_cmake_error/build/CMakeFiles/CMakeTmp

Run Build Command:"/usr/bin/make" "cmTC_5a495/fast"
/usr/bin/make -f CMakeFiles/cmTC_5a495.dir/build.make CMakeFiles/cmTC_5a495.dir/build
make[1]: Entering directory '/home/ian/Documents/Fremont/Bioinformatics/Scripts/CPP/seqan3_cmake_error/build/CMakeFiles/CMakeTmp'
Building CXX object CMakeFiles/cmTC_5a495.dir/src.cxx.o
/usr/bin/g++-7   -I/home/ian/Documents/Fremont/Bioinformatics/Scripts/CPP/seqan3_cmake_error/deps/seqan3/include -I/home/ian/Documents/Fremont/Bioinformatics/Scripts/CPP/seqan3_cmake_error/deps/seqan3/submodules/sdsl-lite/include -I/home/ian/Documents/Fremont/Bioinformatics/Scripts/CPP/seqan3_cmake_error/deps/seqan3/submodules/range-v3/include -I/home/ian/Documents/Fremont/Bioinformatics/Scripts/CPP/seqan3_cmake_error/deps/seqan3/submodules/cereal/include  -DCONCEPTS_FLAG-std=c++2a  -std=c++17 -std=c++2a   -o CMakeFiles/cmTC_5a495.dir/src.cxx.o -c /home/ian/Documents/Fremont/Bioinformatics/Scripts/CPP/seqan3_cmake_error/build/CMakeFiles/CMakeTmp/src.cxx
g++-7: error: unrecognized command line option ‘-std=c++2a’; did you mean ‘-std=c++03’?
CMakeFiles/cmTC_5a495.dir/build.make:65: recipe for target 'CMakeFiles/cmTC_5a495.dir/src.cxx.o' failed
make[1]: *** [CMakeFiles/cmTC_5a495.dir/src.cxx.o] Error 1
make[1]: Leaving directory '/home/ian/Documents/Fremont/Bioinformatics/Scripts/CPP/seqan3_cmake_error/build/CMakeFiles/CMakeTmp'
Makefile:126: recipe for target 'cmTC_5a495/fast' failed
make: *** [cmTC_5a495/fast] Error 2

Source file was:
static_assert (__cpp_concepts >= 201507);
    int main() {}
Determining if the include file filesystem exists failed with the following output:
Change Dir: /home/ian/Documents/Fremont/Bioinformatics/Scripts/CPP/seqan3_cmake_error/build/CMakeFiles/CMakeTmp

Run Build Command:"/usr/bin/make" "cmTC_3587e/fast"
/usr/bin/make -f CMakeFiles/cmTC_3587e.dir/build.make CMakeFiles/cmTC_3587e.dir/build
make[1]: Entering directory '/home/ian/Documents/Fremont/Bioinformatics/Scripts/CPP/seqan3_cmake_error/build/CMakeFiles/CMakeTmp'
Building CXX object CMakeFiles/cmTC_3587e.dir/CheckIncludeFile.cxx.o
/usr/bin/g++-7   -I/home/ian/Documents/Fremont/Bioinformatics/Scripts/CPP/seqan3_cmake_error/deps/seqan3/include -I/home/ian/Documents/Fremont/Bioinformatics/Scripts/CPP/seqan3_cmake_error/deps/seqan3/submodules/sdsl-lite/include -I/home/ian/Documents/Fremont/Bioinformatics/Scripts/CPP/seqan3_cmake_error/deps/seqan3/submodules/range-v3/include -I/home/ian/Documents/Fremont/Bioinformatics/Scripts/CPP/seqan3_cmake_error/deps/seqan3/submodules/cereal/include  -std=c++17 -fconcepts   -o CMakeFiles/cmTC_3587e.dir/CheckIncludeFile.cxx.o -c /home/ian/Documents/Fremont/Bioinformatics/Scripts/CPP/seqan3_cmake_error/build/CMakeFiles/CMakeTmp/CheckIncludeFile.cxx
/home/ian/Documents/Fremont/Bioinformatics/Scripts/CPP/seqan3_cmake_error/build/CMakeFiles/CMakeTmp/CheckIncludeFile.cxx:1:10: fatal error: filesystem: No such file or directory
 #include <filesystem>
          ^~~~~~~~~~~~
compilation terminated.
CMakeFiles/cmTC_3587e.dir/build.make:65: recipe for target 'CMakeFiles/cmTC_3587e.dir/CheckIncludeFile.cxx.o' failed
make[1]: *** [CMakeFiles/cmTC_3587e.dir/CheckIncludeFile.cxx.o] Error 1
make[1]: Leaving directory '/home/ian/Documents/Fremont/Bioinformatics/Scripts/CPP/seqan3_cmake_error/build/CMakeFiles/CMakeTmp'
Makefile:126: recipe for target 'cmTC_3587e/fast' failed
make: *** [cmTC_3587e/fast] Error 2


Performing C++ SOURCE FILE Test C++17FS_BUILTIN failed with the following output:
Change Dir: /home/ian/Documents/Fremont/Bioinformatics/Scripts/CPP/seqan3_cmake_error/build/CMakeFiles/CMakeTmp

Run Build Command:"/usr/bin/make" "cmTC_a5a5b/fast"
/usr/bin/make -f CMakeFiles/cmTC_a5a5b.dir/build.make CMakeFiles/cmTC_a5a5b.dir/build
make[1]: Entering directory '/home/ian/Documents/Fremont/Bioinformatics/Scripts/CPP/seqan3_cmake_error/build/CMakeFiles/CMakeTmp'
Building CXX object CMakeFiles/cmTC_a5a5b.dir/src.cxx.o
/usr/bin/g++-7   -I/home/ian/Documents/Fremont/Bioinformatics/Scripts/CPP/seqan3_cmake_error/deps/seqan3/include -I/home/ian/Documents/Fremont/Bioinformatics/Scripts/CPP/seqan3_cmake_error/deps/seqan3/submodules/sdsl-lite/include -I/home/ian/Documents/Fremont/Bioinformatics/Scripts/CPP/seqan3_cmake_error/deps/seqan3/submodules/range-v3/include -I/home/ian/Documents/Fremont/Bioinformatics/Scripts/CPP/seqan3_cmake_error/deps/seqan3/submodules/cereal/include  -DC++17FS_BUILTIN  -std=c++17 -fconcepts   -o CMakeFiles/cmTC_a5a5b.dir/src.cxx.o -c /home/ian/Documents/Fremont/Bioinformatics/Scripts/CPP/seqan3_cmake_error/build/CMakeFiles/CMakeTmp/src.cxx
<command-line>:0:2: warning: ISO C++11 requires whitespace after the macro name
Linking CXX executable cmTC_a5a5b
/usr/bin/cmake -E cmake_link_script CMakeFiles/cmTC_a5a5b.dir/link.txt --verbose=1
/usr/bin/g++-7   -DC++17FS_BUILTIN  -std=c++17 -fconcepts    CMakeFiles/cmTC_a5a5b.dir/src.cxx.o  -o cmTC_a5a5b 
CMakeFiles/cmTC_a5a5b.dir/src.cxx.o: In function `main':
src.cxx:(.text+0xc2): undefined reference to `std::experimental::filesystem::v1::__cxx11::filesystem_error::~filesystem_error()'
src.cxx:(.text+0xcc): undefined reference to `typeinfo for std::experimental::filesystem::v1::__cxx11::filesystem_error'
CMakeFiles/cmTC_a5a5b.dir/src.cxx.o: In function `std::experimental::filesystem::v1::__cxx11::filesystem_error::filesystem_error(std::__cxx11::basic_string<char, std::char_traits<char>, std::allocator<char> > const&, std::error_code)':
src.cxx:(.text._ZNSt12experimental10filesystem2v17__cxx1116filesystem_errorC2ERKNSt7__cxx1112basic_stringIcSt11char_traitsIcESaIcEEESt10error_code[_ZNSt12experimental10filesystem2v17__cxx1116filesystem_errorC5ERKNSt7__cxx1112basic_stringIcSt11char_traitsIcESaIcEEESt10error_code]+0x47): undefined reference to `vtable for std::experimental::filesystem::v1::__cxx11::filesystem_error'
CMakeFiles/cmTC_a5a5b.dir/src.cxx.o: In function `std::experimental::filesystem::v1::__cxx11::path::path<char [6], std::experimental::filesystem::v1::__cxx11::path>(char const (&) [6])':
src.cxx:(.text._ZNSt12experimental10filesystem2v17__cxx114pathC2IA6_cS3_EERKT_[_ZNSt12experimental10filesystem2v17__cxx114pathC5IA6_cS3_EERKT_]+0x73): undefined reference to `std::experimental::filesystem::v1::__cxx11::path::_M_split_cmpts()'
collect2: error: ld returned 1 exit status
CMakeFiles/cmTC_a5a5b.dir/build.make:97: recipe for target 'cmTC_a5a5b' failed
make[1]: *** [cmTC_a5a5b] Error 1
make[1]: Leaving directory '/home/ian/Documents/Fremont/Bioinformatics/Scripts/CPP/seqan3_cmake_error/build/CMakeFiles/CMakeTmp'
Makefile:126: recipe for target 'cmTC_a5a5b/fast' failed
make: *** [cmTC_a5a5b/fast] Error 2

Source file was:
#include <experimental/filesystem>
        int main()
        {
            std::experimental::filesystem::path p{"/tmp/"};
            throw std::experimental::filesystem::filesystem_error("Empty file name!", std::make_error_code(std::errc::invalid_argument));
        }
Determining if the pthread_create exist failed with the following output:
Change Dir: /home/ian/Documents/Fremont/Bioinformatics/Scripts/CPP/seqan3_cmake_error/build/CMakeFiles/CMakeTmp

Run Build Command:"/usr/bin/make" "cmTC_ddf74/fast"
/usr/bin/make -f CMakeFiles/cmTC_ddf74.dir/build.make CMakeFiles/cmTC_ddf74.dir/build
make[1]: Entering directory '/home/ian/Documents/Fremont/Bioinformatics/Scripts/CPP/seqan3_cmake_error/build/CMakeFiles/CMakeTmp'
Building C object CMakeFiles/cmTC_ddf74.dir/CheckSymbolExists.c.o
/usr/bin/gcc-7  -I/home/ian/Documents/Fremont/Bioinformatics/Scripts/CPP/seqan3_cmake_error/deps/seqan3/include -I/home/ian/Documents/Fremont/Bioinformatics/Scripts/CPP/seqan3_cmake_error/deps/seqan3/submodules/sdsl-lite/include -I/home/ian/Documents/Fremont/Bioinformatics/Scripts/CPP/seqan3_cmake_error/deps/seqan3/submodules/range-v3/include -I/home/ian/Documents/Fremont/Bioinformatics/Scripts/CPP/seqan3_cmake_error/deps/seqan3/submodules/cereal/include  -std=c++17 -fconcepts   -o CMakeFiles/cmTC_ddf74.dir/CheckSymbolExists.c.o   -c /home/ian/Documents/Fremont/Bioinformatics/Scripts/CPP/seqan3_cmake_error/build/CMakeFiles/CMakeTmp/CheckSymbolExists.c
cc1: warning: command line option ‘-std=c++1z’ is valid for C++/ObjC++ but not for C
cc1: warning: command line option ‘-fconcepts’ is valid for C++/ObjC++ but not for C
Linking C executable cmTC_ddf74
/usr/bin/cmake -E cmake_link_script CMakeFiles/cmTC_ddf74.dir/link.txt --verbose=1
/usr/bin/gcc-7   -std=c++17 -fconcepts    CMakeFiles/cmTC_ddf74.dir/CheckSymbolExists.c.o  -o cmTC_ddf74 -lstdc++fs 
CMakeFiles/cmTC_ddf74.dir/CheckSymbolExists.c.o: In function `main':
CheckSymbolExists.c:(.text+0x1b): undefined reference to `pthread_create'
collect2: error: ld returned 1 exit status
CMakeFiles/cmTC_ddf74.dir/build.make:97: recipe for target 'cmTC_ddf74' failed
make[1]: *** [cmTC_ddf74] Error 1
make[1]: Leaving directory '/home/ian/Documents/Fremont/Bioinformatics/Scripts/CPP/seqan3_cmake_error/build/CMakeFiles/CMakeTmp'
Makefile:126: recipe for target 'cmTC_ddf74/fast' failed
make: *** [cmTC_ddf74/fast] Error 2

File /home/ian/Documents/Fremont/Bioinformatics/Scripts/CPP/seqan3_cmake_error/build/CMakeFiles/CMakeTmp/CheckSymbolExists.c:
/* */
#include <pthread.h>

int main(int argc, char** argv)
{
  (void)argv;
#ifndef pthread_create
  return ((int*)(&pthread_create))[argc];
#else
  (void)argc;
  return 0;
#endif
}

Determining if the include file lemon/config.h exists failed with the following output:
Change Dir: /home/ian/Documents/Fremont/Bioinformatics/Scripts/CPP/seqan3_cmake_error/build/CMakeFiles/CMakeTmp

Run Build Command:"/usr/bin/make" "cmTC_7de5e/fast"
/usr/bin/make -f CMakeFiles/cmTC_7de5e.dir/build.make CMakeFiles/cmTC_7de5e.dir/build
make[1]: Entering directory '/home/ian/Documents/Fremont/Bioinformatics/Scripts/CPP/seqan3_cmake_error/build/CMakeFiles/CMakeTmp'
Building CXX object CMakeFiles/cmTC_7de5e.dir/CheckIncludeFile.cxx.o
/usr/bin/g++-7   -I/home/ian/Documents/Fremont/Bioinformatics/Scripts/CPP/seqan3_cmake_error/deps/seqan3/include -I/home/ian/Documents/Fremont/Bioinformatics/Scripts/CPP/seqan3_cmake_error/deps/seqan3/submodules/sdsl-lite/include -I/home/ian/Documents/Fremont/Bioinformatics/Scripts/CPP/seqan3_cmake_error/deps/seqan3/submodules/range-v3/include -I/home/ian/Documents/Fremont/Bioinformatics/Scripts/CPP/seqan3_cmake_error/deps/seqan3/submodules/cereal/include  -std=c++17 -fconcepts   -o CMakeFiles/cmTC_7de5e.dir/CheckIncludeFile.cxx.o -c /home/ian/Documents/Fremont/Bioinformatics/Scripts/CPP/seqan3_cmake_error/build/CMakeFiles/CMakeTmp/CheckIncludeFile.cxx
/home/ian/Documents/Fremont/Bioinformatics/Scripts/CPP/seqan3_cmake_error/build/CMakeFiles/CMakeTmp/CheckIncludeFile.cxx:1:10: fatal error: lemon/config.h: No such file or directory
 #include <lemon/config.h>
          ^~~~~~~~~~~~~~~~
compilation terminated.
CMakeFiles/cmTC_7de5e.dir/build.make:65: recipe for target 'CMakeFiles/cmTC_7de5e.dir/CheckIncludeFile.cxx.o' failed
make[1]: *** [CMakeFiles/cmTC_7de5e.dir/CheckIncludeFile.cxx.o] Error 1
make[1]: Leaving directory '/home/ian/Documents/Fremont/Bioinformatics/Scripts/CPP/seqan3_cmake_error/build/CMakeFiles/CMakeTmp'
Makefile:126: recipe for target 'cmTC_7de5e/fast' failed
make: *** [cmTC_7de5e/fast] Error 2


